INFO  2011-06-29 23:10:31,114 [main] com.barchart.udt.lib.LibraryUDT#loadCore  175 - library source: NAR production
WARN  2011-06-29 23:10:31,122 [main] com.barchart.udt.lib.RES#extractResource  104 - 
	 classpath resource not found: /lib/xxx-xxx-xxx/jni/barchart-udt4-1.0.2-SNAPSHOT.dll
WARN  2011-06-29 23:10:31,124 [main] com.barchart.udt.lib.LibraryUDT#loadCore  180 - 
	 IllegalArgumentException resource not found
INFO  2011-06-29 23:10:31,124 [main] com.barchart.udt.lib.LibraryUDT#loadCore  184 - library source: CDT testing
WARN  2011-06-29 23:10:31,124 [main] com.barchart.udt.lib.RES#extractResource  104 - 
	 classpath resource not found: /barchart-udt4-xxx-xxx-xxx.dll
WARN  2011-06-29 23:10:31,128 [main] com.barchart.udt.lib.LibraryUDT#loadCore  189 - 
	 IllegalArgumentException resource not found
INFO  2011-06-29 23:10:31,128 [main] com.barchart.udt.lib.LibraryUDT#loadCore  193 - library source: NAR testing
WARN  2011-06-29 23:10:31,129 [main] com.barchart.udt.lib.RES#extractResource  104 - 
	 classpath resource not found: /barchart-udt4-1.0.2-SNAPSHOT-xxx-xxx-xxx-jni//lib/xxx-xxx-xxx/jni/barchart-udt4-1.0.2-SNAPSHOT.dll
WARN  2011-06-29 23:10:31,129 [main] com.barchart.udt.lib.LibraryUDT#loadCore  198 - 
	 IllegalArgumentException resource not found
ERROR 2011-06-29 23:10:31,130 [main] com.barchart.udt.SocketUDT#<clinit>  142 - failed to LOAD native library; terminating
java.lang.Exception: core library load failed
	at com.barchart.udt.lib.LibraryUDT.loadCore(LibraryUDT.java:201)
	at com.barchart.udt.lib.LibraryUDT.load(LibraryUDT.java:128)
	at com.barchart.udt.SocketUDT.<clinit>(SocketUDT.java:140)
	at com.adstream.udt.Client$delayedInit$body.apply(Client.scala:12)
	at scala.Function0$class.apply$mcV$sp(Function0.scala:34)
	at scala.runtime.AbstractFunction0.apply$mcV$sp(AbstractFunction0.scala:12)
	at scala.App$$anonfun$main$1.apply(App.scala:60)
	at scala.App$$anonfun$main$1.apply(App.scala:60)
	at scala.collection.LinearSeqOptimized$class.foreach(LinearSeqOptimized.scala:59)
	at scala.collection.immutable.List.foreach(List.scala:45)
	at scala.collection.generic.TraversableForwarder$class.foreach(TraversableForwarder.scala:30)
	at scala.App$class.main(App.scala:60)
	at com.adstream.udt.Client$.main(Client.scala:9)
